{"/Users/macbookair/expense-tracker-frontend/stylelint.config.js": {"path":"/Users/macbookair/expense-tracker-frontend/stylelint.config.js","all":true,"statementMap":{"0":{"start":{"line":1,"column":0},"end":{"line":1,"column":16}},"1":{"start":{"line":2,"column":0},"end":{"line":2,"column":41}},"2":{"start":{"line":3,"column":0},"end":{"line":3,"column":10}},"3":{"start":{"line":4,"column":0},"end":{"line":4,"column":35}},"4":{"start":{"line":5,"column":0},"end":{"line":5,"column":36}},"5":{"start":{"line":6,"column":0},"end":{"line":6,"column":40}},"6":{"start":{"line":7,"column":0},"end":{"line":7,"column":37}},"7":{"start":{"line":8,"column":0},"end":{"line":8,"column":27}},"8":{"start":{"line":9,"column":0},"end":{"line":9,"column":11}},"9":{"start":{"line":10,"column":0},"end":{"line":10,"column":7}},"10":{"start":{"line":11,"column":0},"end":{"line":11,"column":24}},"11":{"start":{"line":12,"column":0},"end":{"line":12,"column":21}},"12":{"start":{"line":13,"column":0},"end":{"line":13,"column":18}},"13":{"start":{"line":14,"column":0},"end":{"line":14,"column":21}},"14":{"start":{"line":15,"column":0},"end":{"line":15,"column":23}},"15":{"start":{"line":16,"column":0},"end":{"line":16,"column":19}},"16":{"start":{"line":17,"column":0},"end":{"line":17,"column":18}},"17":{"start":{"line":18,"column":0},"end":{"line":18,"column":10}},"18":{"start":{"line":19,"column":0},"end":{"line":19,"column":8}},"19":{"start":{"line":20,"column":0},"end":{"line":20,"column":6}},"20":{"start":{"line":21,"column":0},"end":{"line":21,"column":28}},"21":{"start":{"line":22,"column":0},"end":{"line":22,"column":11}},"22":{"start":{"line":23,"column":0},"end":{"line":23,"column":7}},"23":{"start":{"line":24,"column":0},"end":{"line":24,"column":45}},"24":{"start":{"line":25,"column":0},"end":{"line":25,"column":8}},"25":{"start":{"line":26,"column":0},"end":{"line":26,"column":6}},"26":{"start":{"line":27,"column":0},"end":{"line":27,"column":4}},"27":{"start":{"line":28,"column":0},"end":{"line":28,"column":16}},"28":{"start":{"line":29,"column":0},"end":{"line":29,"column":24}},"29":{"start":{"line":30,"column":0},"end":{"line":30,"column":16}},"30":{"start":{"line":31,"column":0},"end":{"line":31,"column":17}},"31":{"start":{"line":32,"column":0},"end":{"line":32,"column":20}},"32":{"start":{"line":33,"column":0},"end":{"line":33,"column":16}},"33":{"start":{"line":34,"column":0},"end":{"line":34,"column":4}},"34":{"start":{"line":35,"column":0},"end":{"line":35,"column":1}}},"s":{"0":0,"1":0,"2":0,"3":0,"4":0,"5":0,"6":0,"7":0,"8":0,"9":0,"10":0,"11":0,"12":0,"13":0,"14":0,"15":0,"16":0,"17":0,"18":0,"19":0,"20":0,"21":0,"22":0,"23":0,"24":0,"25":0,"26":0,"27":0,"28":0,"29":0,"30":0,"31":0,"32":0,"33":0,"34":0},"branchMap":{"0":{"type":"branch","line":1,"loc":{"start":{"line":1,"column":685},"end":{"line":35,"column":1}},"locations":[{"start":{"line":1,"column":685},"end":{"line":35,"column":1}}]}},"b":{"0":[0]},"fnMap":{"0":{"name":"(empty-report)","decl":{"start":{"line":1,"column":685},"end":{"line":35,"column":1}},"loc":{"start":{"line":1,"column":685},"end":{"line":35,"column":1}},"line":1}},"f":{"0":0}}
,"/Users/macbookair/expense-tracker-frontend/src/App.tsx": {"path":"/Users/macbookair/expense-tracker-frontend/src/App.tsx","all":true,"statementMap":{"0":{"start":{"line":1,"column":0},"end":{"line":1,"column":32}},"1":{"start":{"line":2,"column":0},"end":{"line":2,"column":42}},"2":{"start":{"line":3,"column":0},"end":{"line":3,"column":32}},"3":{"start":{"line":4,"column":0},"end":{"line":4,"column":40}},"4":{"start":{"line":5,"column":0},"end":{"line":5,"column":18}},"6":{"start":{"line":7,"column":0},"end":{"line":7,"column":16}},"7":{"start":{"line":8,"column":0},"end":{"line":8,"column":39}},"9":{"start":{"line":10,"column":0},"end":{"line":10,"column":10}},"10":{"start":{"line":11,"column":0},"end":{"line":11,"column":6}},"11":{"start":{"line":12,"column":0},"end":{"line":12,"column":11}},"12":{"start":{"line":13,"column":0},"end":{"line":13,"column":68}},"13":{"start":{"line":14,"column":0},"end":{"line":14,"column":65}},"14":{"start":{"line":15,"column":0},"end":{"line":15,"column":12}},"15":{"start":{"line":16,"column":0},"end":{"line":16,"column":69}},"16":{"start":{"line":17,"column":0},"end":{"line":17,"column":73}},"17":{"start":{"line":18,"column":0},"end":{"line":18,"column":12}},"18":{"start":{"line":19,"column":0},"end":{"line":19,"column":12}},"19":{"start":{"line":20,"column":0},"end":{"line":20,"column":27}},"21":{"start":{"line":22,"column":0},"end":{"line":22,"column":10}},"22":{"start":{"line":23,"column":0},"end":{"line":23,"column":16}},"23":{"start":{"line":24,"column":0},"end":{"line":24,"column":27}},"24":{"start":{"line":25,"column":0},"end":{"line":25,"column":26}},"25":{"start":{"line":26,"column":0},"end":{"line":26,"column":35}},"26":{"start":{"line":27,"column":0},"end":{"line":27,"column":30}},"27":{"start":{"line":28,"column":0},"end":{"line":28,"column":10}},"29":{"start":{"line":30,"column":0},"end":{"line":30,"column":36}},"30":{"start":{"line":31,"column":0},"end":{"line":31,"column":12}},"31":{"start":{"line":32,"column":0},"end":{"line":32,"column":18}},"32":{"start":{"line":33,"column":0},"end":{"line":33,"column":28}},"33":{"start":{"line":34,"column":0},"end":{"line":34,"column":36}},"34":{"start":{"line":35,"column":0},"end":{"line":35,"column":24}},"35":{"start":{"line":36,"column":0},"end":{"line":36,"column":33}},"36":{"start":{"line":37,"column":0},"end":{"line":37,"column":12}},"38":{"start":{"line":39,"column":0},"end":{"line":39,"column":31}},"39":{"start":{"line":40,"column":0},"end":{"line":40,"column":69}},"40":{"start":{"line":41,"column":0},"end":{"line":41,"column":40}},"41":{"start":{"line":42,"column":0},"end":{"line":42,"column":14}},"42":{"start":{"line":43,"column":0},"end":{"line":43,"column":12}},"43":{"start":{"line":44,"column":0},"end":{"line":44,"column":28}},"44":{"start":{"line":45,"column":0},"end":{"line":45,"column":61}},"45":{"start":{"line":46,"column":0},"end":{"line":46,"column":26}},"46":{"start":{"line":47,"column":0},"end":{"line":47,"column":17}},"47":{"start":{"line":48,"column":0},"end":{"line":48,"column":11}},"48":{"start":{"line":49,"column":0},"end":{"line":49,"column":60}},"49":{"start":{"line":50,"column":0},"end":{"line":50,"column":12}},"50":{"start":{"line":51,"column":0},"end":{"line":51,"column":12}},"51":{"start":{"line":52,"column":0},"end":{"line":52,"column":35}},"53":{"start":{"line":54,"column":0},"end":{"line":54,"column":10}},"54":{"start":{"line":55,"column":0},"end":{"line":55,"column":7}},"56":{"start":{"line":57,"column":0},"end":{"line":57,"column":1}},"58":{"start":{"line":59,"column":0},"end":{"line":59,"column":18}}},"s":{"0":0,"1":0,"2":0,"3":0,"4":0,"6":0,"7":0,"9":0,"10":0,"11":0,"12":0,"13":0,"14":0,"15":0,"16":0,"17":0,"18":0,"19":0,"21":0,"22":0,"23":0,"24":0,"25":0,"26":0,"27":0,"29":0,"30":0,"31":0,"32":0,"33":0,"34":0,"35":0,"36":0,"38":0,"39":0,"40":0,"41":0,"42":0,"43":0,"44":0,"45":0,"46":0,"47":0,"48":0,"49":0,"50":0,"51":0,"53":0,"54":0,"56":0,"58":0},"branchMap":{"0":{"type":"branch","line":1,"loc":{"start":{"line":1,"column":1533},"end":{"line":59,"column":18}},"locations":[{"start":{"line":1,"column":1533},"end":{"line":59,"column":18}}]}},"b":{"0":[0]},"fnMap":{"0":{"name":"(empty-report)","decl":{"start":{"line":1,"column":1533},"end":{"line":59,"column":18}},"loc":{"start":{"line":1,"column":1533},"end":{"line":59,"column":18}},"line":1}},"f":{"0":0}}
,"/Users/macbookair/expense-tracker-frontend/src/main.tsx": {"path":"/Users/macbookair/expense-tracker-frontend/src/main.tsx","all":true,"statementMap":{"0":{"start":{"line":1,"column":0},"end":{"line":1,"column":34}},"1":{"start":{"line":2,"column":0},"end":{"line":2,"column":45}},"2":{"start":{"line":3,"column":0},"end":{"line":3,"column":20}},"3":{"start":{"line":4,"column":0},"end":{"line":4,"column":27}},"5":{"start":{"line":6,"column":0},"end":{"line":6,"column":52}},"6":{"start":{"line":7,"column":0},"end":{"line":7,"column":14}},"7":{"start":{"line":8,"column":0},"end":{"line":8,"column":11}},"8":{"start":{"line":9,"column":0},"end":{"line":9,"column":15}},"9":{"start":{"line":10,"column":0},"end":{"line":10,"column":1}}},"s":{"0":0,"1":0,"2":0,"3":0,"5":0,"6":0,"7":0,"8":0,"9":0},"branchMap":{"0":{"type":"branch","line":1,"loc":{"start":{"line":1,"column":203},"end":{"line":10,"column":-147}},"locations":[{"start":{"line":1,"column":203},"end":{"line":10,"column":-147}}]}},"b":{"0":[0]},"fnMap":{"0":{"name":"(empty-report)","decl":{"start":{"line":1,"column":203},"end":{"line":10,"column":-147}},"loc":{"start":{"line":1,"column":203},"end":{"line":10,"column":-147}},"line":1}},"f":{"0":0}}
,"/Users/macbookair/expense-tracker-frontend/src/components/Logo/Logo.stories.tsx": {"path":"/Users/macbookair/expense-tracker-frontend/src/components/Logo/Logo.stories.tsx","all":true,"statementMap":{"1":{"start":{"line":2,"column":0},"end":{"line":2,"column":29}},"3":{"start":{"line":4,"column":0},"end":{"line":4,"column":33}},"4":{"start":{"line":5,"column":0},"end":{"line":5,"column":27}},"5":{"start":{"line":6,"column":0},"end":{"line":6,"column":18}},"6":{"start":{"line":7,"column":0},"end":{"line":7,"column":15}},"7":{"start":{"line":8,"column":0},"end":{"line":8,"column":23}},"8":{"start":{"line":9,"column":0},"end":{"line":9,"column":11}},"9":{"start":{"line":10,"column":0},"end":{"line":10,"column":20}},"10":{"start":{"line":11,"column":0},"end":{"line":11,"column":20}},"22":{"start":{"line":23,"column":0},"end":{"line":23,"column":8}},"23":{"start":{"line":24,"column":0},"end":{"line":24,"column":6}},"24":{"start":{"line":25,"column":0},"end":{"line":25,"column":4}},"25":{"start":{"line":26,"column":0},"end":{"line":26,"column":21}},"26":{"start":{"line":27,"column":0},"end":{"line":27,"column":13}},"27":{"start":{"line":28,"column":0},"end":{"line":28,"column":11}},"28":{"start":{"line":29,"column":0},"end":{"line":29,"column":24}},"29":{"start":{"line":30,"column":0},"end":{"line":30,"column":54}},"30":{"start":{"line":31,"column":0},"end":{"line":31,"column":46}},"31":{"start":{"line":32,"column":0},"end":{"line":32,"column":6}},"32":{"start":{"line":33,"column":0},"end":{"line":33,"column":9}},"33":{"start":{"line":34,"column":0},"end":{"line":34,"column":24}},"34":{"start":{"line":35,"column":0},"end":{"line":35,"column":38}},"35":{"start":{"line":36,"column":0},"end":{"line":36,"column":47}},"36":{"start":{"line":37,"column":0},"end":{"line":37,"column":6}},"37":{"start":{"line":38,"column":0},"end":{"line":38,"column":10}},"38":{"start":{"line":39,"column":0},"end":{"line":39,"column":22}},"39":{"start":{"line":40,"column":0},"end":{"line":40,"column":57}},"40":{"start":{"line":41,"column":0},"end":{"line":41,"column":6}},"41":{"start":{"line":42,"column":0},"end":{"line":42,"column":16}},"42":{"start":{"line":43,"column":0},"end":{"line":43,"column":22}},"43":{"start":{"line":44,"column":0},"end":{"line":44,"column":48}},"44":{"start":{"line":45,"column":0},"end":{"line":45,"column":6}},"45":{"start":{"line":46,"column":0},"end":{"line":46,"column":13}},"46":{"start":{"line":47,"column":0},"end":{"line":47,"column":25}},"47":{"start":{"line":48,"column":0},"end":{"line":48,"column":65}},"48":{"start":{"line":49,"column":0},"end":{"line":49,"column":6}},"49":{"start":{"line":50,"column":0},"end":{"line":50,"column":15}},"50":{"start":{"line":51,"column":0},"end":{"line":51,"column":25}},"51":{"start":{"line":52,"column":0},"end":{"line":52,"column":64}},"52":{"start":{"line":53,"column":0},"end":{"line":53,"column":6}},"53":{"start":{"line":54,"column":0},"end":{"line":54,"column":14}},"54":{"start":{"line":55,"column":0},"end":{"line":55,"column":24}},"55":{"start":{"line":56,"column":0},"end":{"line":56,"column":44}},"56":{"start":{"line":57,"column":0},"end":{"line":57,"column":6}},"57":{"start":{"line":58,"column":0},"end":{"line":58,"column":4}},"58":{"start":{"line":59,"column":0},"end":{"line":59,"column":1}},"60":{"start":{"line":61,"column":0},"end":{"line":61,"column":19}},"66":{"start":{"line":67,"column":0},"end":{"line":67,"column":31}},"67":{"start":{"line":68,"column":0},"end":{"line":68,"column":9}},"68":{"start":{"line":69,"column":0},"end":{"line":69,"column":19}},"69":{"start":{"line":70,"column":0},"end":{"line":70,"column":4}},"70":{"start":{"line":71,"column":0},"end":{"line":71,"column":1}},"75":{"start":{"line":76,"column":0},"end":{"line":76,"column":29}},"76":{"start":{"line":77,"column":0},"end":{"line":77,"column":17}},"77":{"start":{"line":78,"column":0},"end":{"line":78,"column":8}},"78":{"start":{"line":79,"column":0},"end":{"line":79,"column":14}},"79":{"start":{"line":80,"column":0},"end":{"line":80,"column":24}},"80":{"start":{"line":81,"column":0},"end":{"line":81,"column":32}},"81":{"start":{"line":82,"column":0},"end":{"line":82,"column":20}},"82":{"start":{"line":83,"column":0},"end":{"line":83,"column":33}},"83":{"start":{"line":84,"column":0},"end":{"line":84,"column":8}},"85":{"start":{"line":86,"column":0},"end":{"line":86,"column":27}},"86":{"start":{"line":87,"column":0},"end":{"line":87,"column":28}},"87":{"start":{"line":88,"column":0},"end":{"line":88,"column":27}},"88":{"start":{"line":89,"column":0},"end":{"line":89,"column":28}},"89":{"start":{"line":90,"column":0},"end":{"line":90,"column":10}},"91":{"start":{"line":92,"column":0},"end":{"line":92,"column":15}},"92":{"start":{"line":93,"column":0},"end":{"line":93,"column":11}},"93":{"start":{"line":94,"column":0},"end":{"line":94,"column":20}},"94":{"start":{"line":95,"column":0},"end":{"line":95,"column":14}},"95":{"start":{"line":96,"column":0},"end":{"line":96,"column":81}},"96":{"start":{"line":97,"column":0},"end":{"line":97,"column":8}},"97":{"start":{"line":98,"column":0},"end":{"line":98,"column":6}},"98":{"start":{"line":99,"column":0},"end":{"line":99,"column":4}},"99":{"start":{"line":100,"column":0},"end":{"line":100,"column":1}},"104":{"start":{"line":105,"column":0},"end":{"line":105,"column":32}},"105":{"start":{"line":106,"column":0},"end":{"line":106,"column":17}},"106":{"start":{"line":107,"column":0},"end":{"line":107,"column":72}},"107":{"start":{"line":108,"column":0},"end":{"line":108,"column":36}},"108":{"start":{"line":109,"column":0},"end":{"line":109,"column":37}},"109":{"start":{"line":110,"column":0},"end":{"line":110,"column":36}},"110":{"start":{"line":111,"column":0},"end":{"line":111,"column":37}},"111":{"start":{"line":112,"column":0},"end":{"line":112,"column":10}},"113":{"start":{"line":114,"column":0},"end":{"line":114,"column":15}},"114":{"start":{"line":115,"column":0},"end":{"line":115,"column":11}},"115":{"start":{"line":116,"column":0},"end":{"line":116,"column":20}},"116":{"start":{"line":117,"column":0},"end":{"line":117,"column":14}},"117":{"start":{"line":118,"column":0},"end":{"line":118,"column":82}},"118":{"start":{"line":119,"column":0},"end":{"line":119,"column":8}},"119":{"start":{"line":120,"column":0},"end":{"line":120,"column":6}},"120":{"start":{"line":121,"column":0},"end":{"line":121,"column":4}},"121":{"start":{"line":122,"column":0},"end":{"line":122,"column":1}},"126":{"start":{"line":127,"column":0},"end":{"line":127,"column":32}},"127":{"start":{"line":128,"column":0},"end":{"line":128,"column":9}},"128":{"start":{"line":129,"column":0},"end":{"line":129,"column":17}},"129":{"start":{"line":130,"column":0},"end":{"line":130,"column":19}},"130":{"start":{"line":131,"column":0},"end":{"line":131,"column":4}},"131":{"start":{"line":132,"column":0},"end":{"line":132,"column":15}},"132":{"start":{"line":133,"column":0},"end":{"line":133,"column":11}},"133":{"start":{"line":134,"column":0},"end":{"line":134,"column":20}},"134":{"start":{"line":135,"column":0},"end":{"line":135,"column":14}},"135":{"start":{"line":136,"column":0},"end":{"line":136,"column":77}},"136":{"start":{"line":137,"column":0},"end":{"line":137,"column":8}},"137":{"start":{"line":138,"column":0},"end":{"line":138,"column":6}},"138":{"start":{"line":139,"column":0},"end":{"line":139,"column":4}},"139":{"start":{"line":140,"column":0},"end":{"line":140,"column":1}},"144":{"start":{"line":145,"column":0},"end":{"line":145,"column":30}},"145":{"start":{"line":146,"column":0},"end":{"line":146,"column":9}},"146":{"start":{"line":147,"column":0},"end":{"line":147,"column":12}},"147":{"start":{"line":148,"column":0},"end":{"line":148,"column":14}},"148":{"start":{"line":149,"column":0},"end":{"line":149,"column":19}},"149":{"start":{"line":150,"column":0},"end":{"line":150,"column":4}},"150":{"start":{"line":151,"column":0},"end":{"line":151,"column":15}},"151":{"start":{"line":152,"column":0},"end":{"line":152,"column":11}},"152":{"start":{"line":153,"column":0},"end":{"line":153,"column":20}},"153":{"start":{"line":154,"column":0},"end":{"line":154,"column":79}},"154":{"start":{"line":155,"column":0},"end":{"line":155,"column":8}},"155":{"start":{"line":156,"column":0},"end":{"line":156,"column":6}},"156":{"start":{"line":157,"column":0},"end":{"line":157,"column":4}},"157":{"start":{"line":158,"column":0},"end":{"line":158,"column":1}},"162":{"start":{"line":163,"column":0},"end":{"line":163,"column":30}},"163":{"start":{"line":164,"column":0},"end":{"line":164,"column":17}},"164":{"start":{"line":165,"column":0},"end":{"line":165,"column":59}},"165":{"start":{"line":166,"column":0},"end":{"line":166,"column":75}},"167":{"start":{"line":168,"column":0},"end":{"line":168,"column":8}},"169":{"start":{"line":170,"column":0},"end":{"line":170,"column":15}},"170":{"start":{"line":171,"column":0},"end":{"line":171,"column":11}},"171":{"start":{"line":172,"column":0},"end":{"line":172,"column":20}},"172":{"start":{"line":173,"column":0},"end":{"line":173,"column":70}},"173":{"start":{"line":174,"column":0},"end":{"line":174,"column":8}},"174":{"start":{"line":175,"column":0},"end":{"line":175,"column":6}},"175":{"start":{"line":176,"column":0},"end":{"line":176,"column":4}},"176":{"start":{"line":177,"column":0},"end":{"line":177,"column":1}},"181":{"start":{"line":182,"column":0},"end":{"line":182,"column":41}},"182":{"start":{"line":183,"column":0},"end":{"line":183,"column":17}},"183":{"start":{"line":184,"column":0},"end":{"line":184,"column":72}},"184":{"start":{"line":185,"column":0},"end":{"line":185,"column":43}},"185":{"start":{"line":186,"column":0},"end":{"line":186,"column":42}},"186":{"start":{"line":187,"column":0},"end":{"line":187,"column":80}},"188":{"start":{"line":189,"column":0},"end":{"line":189,"column":12}},"189":{"start":{"line":190,"column":0},"end":{"line":190,"column":12}},"190":{"start":{"line":191,"column":0},"end":{"line":191,"column":43}},"191":{"start":{"line":192,"column":0},"end":{"line":192,"column":46}},"192":{"start":{"line":193,"column":0},"end":{"line":193,"column":80}},"194":{"start":{"line":195,"column":0},"end":{"line":195,"column":12}},"195":{"start":{"line":196,"column":0},"end":{"line":196,"column":12}},"196":{"start":{"line":197,"column":0},"end":{"line":197,"column":43}},"197":{"start":{"line":198,"column":0},"end":{"line":198,"column":64}},"198":{"start":{"line":199,"column":0},"end":{"line":199,"column":80}},"200":{"start":{"line":201,"column":0},"end":{"line":201,"column":12}},"201":{"start":{"line":202,"column":0},"end":{"line":202,"column":12}},"202":{"start":{"line":203,"column":0},"end":{"line":203,"column":10}},"204":{"start":{"line":205,"column":0},"end":{"line":205,"column":15}},"205":{"start":{"line":206,"column":0},"end":{"line":206,"column":11}},"206":{"start":{"line":207,"column":0},"end":{"line":207,"column":20}},"207":{"start":{"line":208,"column":0},"end":{"line":208,"column":69}},"208":{"start":{"line":209,"column":0},"end":{"line":209,"column":8}},"209":{"start":{"line":210,"column":0},"end":{"line":210,"column":6}},"210":{"start":{"line":211,"column":0},"end":{"line":211,"column":4}},"211":{"start":{"line":212,"column":0},"end":{"line":212,"column":1}},"216":{"start":{"line":217,"column":0},"end":{"line":217,"column":37}},"217":{"start":{"line":218,"column":0},"end":{"line":218,"column":17}},"218":{"start":{"line":219,"column":0},"end":{"line":219,"column":8}},"219":{"start":{"line":220,"column":0},"end":{"line":220,"column":14}},"220":{"start":{"line":221,"column":0},"end":{"line":221,"column":24}},"221":{"start":{"line":222,"column":0},"end":{"line":222,"column":72}},"222":{"start":{"line":223,"column":0},"end":{"line":223,"column":28}},"223":{"start":{"line":224,"column":0},"end":{"line":224,"column":8}},"225":{"start":{"line":226,"column":0},"end":{"line":226,"column":11}},"226":{"start":{"line":227,"column":0},"end":{"line":227,"column":20}},"227":{"start":{"line":228,"column":0},"end":{"line":228,"column":31}},"228":{"start":{"line":229,"column":0},"end":{"line":229,"column":16}},"229":{"start":{"line":230,"column":0},"end":{"line":230,"column":59}},"230":{"start":{"line":231,"column":0},"end":{"line":231,"column":25}},"231":{"start":{"line":232,"column":0},"end":{"line":232,"column":10}},"232":{"start":{"line":233,"column":0},"end":{"line":233,"column":8}},"233":{"start":{"line":234,"column":0},"end":{"line":234,"column":10}},"235":{"start":{"line":236,"column":0},"end":{"line":236,"column":15}},"236":{"start":{"line":237,"column":0},"end":{"line":237,"column":11}},"237":{"start":{"line":238,"column":0},"end":{"line":238,"column":20}},"238":{"start":{"line":239,"column":0},"end":{"line":239,"column":68}},"239":{"start":{"line":240,"column":0},"end":{"line":240,"column":8}},"240":{"start":{"line":241,"column":0},"end":{"line":241,"column":6}},"241":{"start":{"line":242,"column":0},"end":{"line":242,"column":4}},"242":{"start":{"line":243,"column":0},"end":{"line":243,"column":1}}},"s":{"1":0,"3":0,"4":0,"5":0,"6":0,"7":0,"8":0,"9":0,"10":0,"22":0,"23":0,"24":0,"25":0,"26":0,"27":0,"28":0,"29":0,"30":0,"31":0,"32":0,"33":0,"34":0,"35":0,"36":0,"37":0,"38":0,"39":0,"40":0,"41":0,"42":0,"43":0,"44":0,"45":0,"46":0,"47":0,"48":0,"49":0,"50":0,"51":0,"52":0,"53":0,"54":0,"55":0,"56":0,"57":0,"58":0,"60":0,"66":0,"67":0,"68":0,"69":0,"70":0,"75":0,"76":0,"77":0,"78":0,"79":0,"80":0,"81":0,"82":0,"83":0,"85":0,"86":0,"87":0,"88":0,"89":0,"91":0,"92":0,"93":0,"94":0,"95":0,"96":0,"97":0,"98":0,"99":0,"104":0,"105":0,"106":0,"107":0,"108":0,"109":0,"110":0,"111":0,"113":0,"114":0,"115":0,"116":0,"117":0,"118":0,"119":0,"120":0,"121":0,"126":0,"127":0,"128":0,"129":0,"130":0,"131":0,"132":0,"133":0,"134":0,"135":0,"136":0,"137":0,"138":0,"139":0,"144":0,"145":0,"146":0,"147":0,"148":0,"149":0,"150":0,"151":0,"152":0,"153":0,"154":0,"155":0,"156":0,"157":0,"162":0,"163":0,"164":0,"165":0,"167":0,"169":0,"170":0,"171":0,"172":0,"173":0,"174":0,"175":0,"176":0,"181":0,"182":0,"183":0,"184":0,"185":0,"186":0,"188":0,"189":0,"190":0,"191":0,"192":0,"194":0,"195":0,"196":0,"197":0,"198":0,"200":0,"201":0,"202":0,"204":0,"205":0,"206":0,"207":0,"208":0,"209":0,"210":0,"211":0,"216":0,"217":0,"218":0,"219":0,"220":0,"221":0,"222":0,"223":0,"225":0,"226":0,"227":0,"228":0,"229":0,"230":0,"231":0,"232":0,"233":0,"235":0,"236":0,"237":0,"238":0,"239":0,"240":0,"241":0,"242":0},"branchMap":{"0":{"type":"branch","line":1,"loc":{"start":{"line":1,"column":5298},"end":{"line":243,"column":1}},"locations":[{"start":{"line":1,"column":5298},"end":{"line":243,"column":1}}]}},"b":{"0":[1]},"fnMap":{"0":{"name":"(empty-report)","decl":{"start":{"line":1,"column":5298},"end":{"line":243,"column":1}},"loc":{"start":{"line":1,"column":5298},"end":{"line":243,"column":1}},"line":1}},"f":{"0":1}}
,"/Users/macbookair/expense-tracker-frontend/src/components/Logo/Logo.tsx": {"path":"/Users/macbookair/expense-tracker-frontend/src/components/Logo/Logo.tsx","all":false,"statementMap":{"0":{"start":{"line":1,"column":0},"end":{"line":1,"column":34}},"1":{"start":{"line":2,"column":0},"end":{"line":2,"column":38}},"80":{"start":{"line":81,"column":0},"end":{"line":81,"column":31}},"84":{"start":{"line":85,"column":0},"end":{"line":85,"column":3}},"85":{"start":{"line":86,"column":0},"end":{"line":86,"column":5}},"86":{"start":{"line":87,"column":0},"end":{"line":87,"column":22}},"87":{"start":{"line":88,"column":0},"end":{"line":88,"column":28}},"88":{"start":{"line":89,"column":0},"end":{"line":89,"column":35}},"89":{"start":{"line":90,"column":0},"end":{"line":90,"column":21}},"90":{"start":{"line":91,"column":0},"end":{"line":91,"column":12}},"91":{"start":{"line":92,"column":0},"end":{"line":92,"column":14}},"92":{"start":{"line":93,"column":0},"end":{"line":93,"column":11}},"93":{"start":{"line":94,"column":0},"end":{"line":94,"column":13}},"94":{"start":{"line":95,"column":0},"end":{"line":95,"column":21}},"95":{"start":{"line":96,"column":0},"end":{"line":96,"column":23}},"96":{"start":{"line":97,"column":0},"end":{"line":97,"column":14}},"97":{"start":{"line":98,"column":0},"end":{"line":98,"column":6}},"98":{"start":{"line":99,"column":0},"end":{"line":99,"column":7}},"99":{"start":{"line":100,"column":0},"end":{"line":100,"column":8}},"100":{"start":{"line":101,"column":0},"end":{"line":101,"column":25}},"101":{"start":{"line":102,"column":0},"end":{"line":102,"column":18}},"102":{"start":{"line":103,"column":0},"end":{"line":103,"column":30}},"103":{"start":{"line":104,"column":0},"end":{"line":104,"column":39}},"104":{"start":{"line":105,"column":0},"end":{"line":105,"column":44}},"105":{"start":{"line":106,"column":0},"end":{"line":106,"column":16}},"106":{"start":{"line":107,"column":0},"end":{"line":107,"column":5}},"107":{"start":{"line":108,"column":0},"end":{"line":108,"column":22}},"108":{"start":{"line":109,"column":0},"end":{"line":109,"column":16}},"110":{"start":{"line":111,"column":0},"end":{"line":111,"column":23}},"111":{"start":{"line":112,"column":0},"end":{"line":112,"column":10}},"112":{"start":{"line":113,"column":0},"end":{"line":113,"column":24}},"113":{"start":{"line":114,"column":0},"end":{"line":114,"column":17}},"114":{"start":{"line":115,"column":0},"end":{"line":115,"column":36}},"115":{"start":{"line":116,"column":0},"end":{"line":116,"column":22}},"116":{"start":{"line":117,"column":0},"end":{"line":117,"column":24}},"117":{"start":{"line":118,"column":0},"end":{"line":118,"column":8}},"120":{"start":{"line":121,"column":0},"end":{"line":121,"column":35}},"121":{"start":{"line":122,"column":0},"end":{"line":122,"column":59}},"123":{"start":{"line":124,"column":0},"end":{"line":124,"column":13}},"126":{"start":{"line":127,"column":0},"end":{"line":127,"column":21}},"127":{"start":{"line":128,"column":0},"end":{"line":128,"column":8}},"128":{"start":{"line":129,"column":0},"end":{"line":129,"column":19}},"129":{"start":{"line":130,"column":0},"end":{"line":130,"column":18}},"130":{"start":{"line":131,"column":0},"end":{"line":131,"column":9}},"134":{"start":{"line":135,"column":0},"end":{"line":135,"column":33}},"135":{"start":{"line":136,"column":0},"end":{"line":136,"column":14}},"136":{"start":{"line":137,"column":0},"end":{"line":137,"column":15}},"137":{"start":{"line":138,"column":0},"end":{"line":138,"column":51}},"138":{"start":{"line":139,"column":0},"end":{"line":139,"column":33}},"139":{"start":{"line":140,"column":0},"end":{"line":140,"column":23}},"140":{"start":{"line":141,"column":0},"end":{"line":141,"column":27}},"141":{"start":{"line":142,"column":0},"end":{"line":142,"column":23}},"142":{"start":{"line":143,"column":0},"end":{"line":143,"column":49}},"143":{"start":{"line":144,"column":0},"end":{"line":144,"column":20}},"145":{"start":{"line":146,"column":0},"end":{"line":146,"column":19}},"146":{"start":{"line":147,"column":0},"end":{"line":147,"column":17}},"148":{"start":{"line":149,"column":0},"end":{"line":149,"column":5}},"150":{"start":{"line":151,"column":0},"end":{"line":151,"column":28}},"151":{"start":{"line":152,"column":0},"end":{"line":152,"column":14}},"152":{"start":{"line":153,"column":0},"end":{"line":153,"column":10}},"153":{"start":{"line":154,"column":0},"end":{"line":154,"column":51}},"154":{"start":{"line":155,"column":0},"end":{"line":155,"column":33}},"155":{"start":{"line":156,"column":0},"end":{"line":156,"column":23}},"156":{"start":{"line":157,"column":0},"end":{"line":157,"column":21}},"157":{"start":{"line":158,"column":0},"end":{"line":158,"column":25}},"158":{"start":{"line":159,"column":0},"end":{"line":159,"column":27}},"159":{"start":{"line":160,"column":0},"end":{"line":160,"column":49}},"160":{"start":{"line":161,"column":0},"end":{"line":161,"column":20}},"162":{"start":{"line":163,"column":0},"end":{"line":163,"column":19}},"163":{"start":{"line":164,"column":0},"end":{"line":164,"column":12}},"165":{"start":{"line":166,"column":0},"end":{"line":166,"column":5}},"167":{"start":{"line":168,"column":0},"end":{"line":168,"column":12}},"168":{"start":{"line":169,"column":0},"end":{"line":169,"column":10}},"169":{"start":{"line":170,"column":0},"end":{"line":170,"column":46}},"170":{"start":{"line":171,"column":0},"end":{"line":171,"column":31}},"171":{"start":{"line":172,"column":0},"end":{"line":172,"column":21}},"172":{"start":{"line":173,"column":0},"end":{"line":173,"column":45}},"173":{"start":{"line":174,"column":0},"end":{"line":174,"column":42}},"174":{"start":{"line":175,"column":0},"end":{"line":175,"column":25}},"175":{"start":{"line":176,"column":0},"end":{"line":176,"column":19}},"176":{"start":{"line":177,"column":0},"end":{"line":177,"column":17}},"177":{"start":{"line":178,"column":0},"end":{"line":178,"column":20}},"178":{"start":{"line":179,"column":0},"end":{"line":179,"column":57}},"179":{"start":{"line":180,"column":0},"end":{"line":180,"column":36}},"180":{"start":{"line":181,"column":0},"end":{"line":181,"column":27}},"181":{"start":{"line":182,"column":0},"end":{"line":182,"column":17}},"182":{"start":{"line":183,"column":0},"end":{"line":183,"column":15}},"183":{"start":{"line":184,"column":0},"end":{"line":184,"column":23}},"185":{"start":{"line":186,"column":0},"end":{"line":186,"column":47}},"186":{"start":{"line":187,"column":0},"end":{"line":187,"column":18}},"188":{"start":{"line":189,"column":0},"end":{"line":189,"column":17}},"189":{"start":{"line":190,"column":0},"end":{"line":190,"column":12}},"191":{"start":{"line":192,"column":0},"end":{"line":192,"column":3}},"192":{"start":{"line":193,"column":0},"end":{"line":193,"column":1}},"194":{"start":{"line":195,"column":0},"end":{"line":195,"column":25}}},"s":{"0":1,"1":1,"80":1,"84":1,"85":19,"86":19,"87":19,"88":19,"89":19,"90":19,"91":19,"92":19,"93":19,"94":19,"95":19,"96":19,"97":19,"98":19,"99":19,"100":19,"101":19,"102":19,"103":19,"104":19,"105":19,"106":19,"107":19,"108":19,"110":19,"111":19,"112":19,"113":19,"114":19,"115":19,"116":19,"117":19,"120":19,"121":16,"123":16,"126":19,"127":19,"128":19,"129":19,"130":19,"134":19,"135":5,"136":5,"137":5,"138":5,"139":5,"140":5,"141":5,"142":5,"143":5,"145":5,"146":5,"148":5,"150":19,"151":2,"152":2,"153":2,"154":2,"155":2,"156":2,"157":2,"158":2,"159":2,"160":2,"162":2,"163":2,"165":2,"167":12,"168":12,"169":12,"170":12,"171":12,"172":19,"173":19,"174":19,"175":19,"176":19,"177":1,"178":2,"179":2,"180":2,"181":2,"182":2,"183":11,"185":19,"186":19,"188":19,"189":19,"191":19,"192":1,"194":1},"branchMap":{"0":{"type":"branch","line":85,"loc":{"start":{"line":85,"column":2},"end":{"line":192,"column":3}},"locations":[{"start":{"line":85,"column":2},"end":{"line":192,"column":3}}]},"1":{"type":"branch","line":104,"loc":{"start":{"line":104,"column":6},"end":{"line":104,"column":39}},"locations":[{"start":{"line":104,"column":6},"end":{"line":104,"column":39}}]},"2":{"type":"branch","line":105,"loc":{"start":{"line":105,"column":6},"end":{"line":105,"column":44}},"locations":[{"start":{"line":105,"column":6},"end":{"line":105,"column":44}}]},"3":{"type":"branch","line":121,"loc":{"start":{"line":121,"column":22},"end":{"line":124,"column":13}},"locations":[{"start":{"line":121,"column":22},"end":{"line":124,"column":13}}]},"4":{"type":"branch","line":135,"loc":{"start":{"line":135,"column":32},"end":{"line":149,"column":5}},"locations":[{"start":{"line":135,"column":32},"end":{"line":149,"column":5}}]},"5":{"type":"branch","line":143,"loc":{"start":{"line":143,"column":22},"end":{"line":143,"column":39}},"locations":[{"start":{"line":143,"column":22},"end":{"line":143,"column":39}}]},"6":{"type":"branch","line":143,"loc":{"start":{"line":143,"column":33},"end":{"line":143,"column":49}},"locations":[{"start":{"line":143,"column":33},"end":{"line":143,"column":49}}]},"7":{"type":"branch","line":149,"loc":{"start":{"line":149,"column":4},"end":{"line":151,"column":27}},"locations":[{"start":{"line":149,"column":4},"end":{"line":151,"column":27}}]},"8":{"type":"branch","line":151,"loc":{"start":{"line":151,"column":27},"end":{"line":166,"column":5}},"locations":[{"start":{"line":151,"column":27},"end":{"line":166,"column":5}}]},"9":{"type":"branch","line":160,"loc":{"start":{"line":160,"column":22},"end":{"line":160,"column":39}},"locations":[{"start":{"line":160,"column":22},"end":{"line":160,"column":39}}]},"10":{"type":"branch","line":160,"loc":{"start":{"line":160,"column":33},"end":{"line":160,"column":49}},"locations":[{"start":{"line":160,"column":33},"end":{"line":160,"column":49}}]},"11":{"type":"branch","line":166,"loc":{"start":{"line":166,"column":4},"end":{"line":173,"column":24}},"locations":[{"start":{"line":166,"column":4},"end":{"line":173,"column":24}}]},"12":{"type":"branch","line":173,"loc":{"start":{"line":173,"column":14},"end":{"line":173,"column":35}},"locations":[{"start":{"line":173,"column":14},"end":{"line":173,"column":35}}]},"13":{"type":"branch","line":173,"loc":{"start":{"line":173,"column":24},"end":{"line":173,"column":45}},"locations":[{"start":{"line":173,"column":24},"end":{"line":173,"column":45}}]},"14":{"type":"branch","line":174,"loc":{"start":{"line":174,"column":18},"end":{"line":174,"column":32}},"locations":[{"start":{"line":174,"column":18},"end":{"line":174,"column":32}}]},"15":{"type":"branch","line":174,"loc":{"start":{"line":174,"column":28},"end":{"line":174,"column":42}},"locations":[{"start":{"line":174,"column":28},"end":{"line":174,"column":42}}]},"16":{"type":"branch","line":177,"loc":{"start":{"line":177,"column":10},"end":{"line":183,"column":15}},"locations":[{"start":{"line":177,"column":10},"end":{"line":183,"column":15}}]},"17":{"type":"branch","line":183,"loc":{"start":{"line":183,"column":14},"end":{"line":184,"column":23}},"locations":[{"start":{"line":183,"column":14},"end":{"line":184,"column":23}}]},"18":{"type":"branch","line":186,"loc":{"start":{"line":186,"column":20},"end":{"line":186,"column":37}},"locations":[{"start":{"line":186,"column":20},"end":{"line":186,"column":37}}]},"19":{"type":"branch","line":186,"loc":{"start":{"line":186,"column":31},"end":{"line":186,"column":47}},"locations":[{"start":{"line":186,"column":31},"end":{"line":186,"column":47}}]},"20":{"type":"branch","line":178,"loc":{"start":{"line":178,"column":14},"end":{"line":183,"column":15}},"locations":[{"start":{"line":178,"column":14},"end":{"line":183,"column":15}}]},"21":{"type":"branch","line":179,"loc":{"start":{"line":179,"column":30},"end":{"line":179,"column":56}},"locations":[{"start":{"line":179,"column":30},"end":{"line":179,"column":56}}]}},"b":{"0":[19],"1":[1],"2":[3],"3":[16],"4":[5],"5":[1],"6":[4],"7":[14],"8":[2],"9":[1],"10":[1],"11":[12],"12":[1],"13":[11],"14":[1],"15":[11],"16":[1],"17":[11],"18":[1],"19":[11],"20":[2],"21":[1]},"fnMap":{"0":{"name":"onKeyDown","decl":{"start":{"line":178,"column":14},"end":{"line":183,"column":15}},"loc":{"start":{"line":178,"column":14},"end":{"line":183,"column":15}},"line":178}},"f":{"0":2}}
,"/Users/macbookair/expense-tracker-frontend/src/components/Logo/index.ts": {"path":"/Users/macbookair/expense-tracker-frontend/src/components/Logo/index.ts","all":true,"statementMap":{"10":{"start":{"line":11,"column":0},"end":{"line":11,"column":29}}},"s":{"10":0},"branchMap":{"0":{"type":"branch","line":1,"loc":{"start":{"line":1,"column":306},"end":{"line":12,"column":39}},"locations":[{"start":{"line":1,"column":306},"end":{"line":12,"column":39}}]}},"b":{"0":[1]},"fnMap":{"0":{"name":"(empty-report)","decl":{"start":{"line":1,"column":306},"end":{"line":12,"column":39}},"loc":{"start":{"line":1,"column":306},"end":{"line":12,"column":39}},"line":1}},"f":{"0":1}}
,"/Users/macbookair/expense-tracker-frontend/src/stories/Button.stories.ts": {"path":"/Users/macbookair/expense-tracker-frontend/src/stories/Button.stories.ts","all":true,"statementMap":{"2":{"start":{"line":3,"column":0},"end":{"line":3,"column":35}},"4":{"start":{"line":5,"column":0},"end":{"line":5,"column":33}},"7":{"start":{"line":8,"column":0},"end":{"line":8,"column":14}},"8":{"start":{"line":9,"column":0},"end":{"line":9,"column":26}},"9":{"start":{"line":10,"column":0},"end":{"line":10,"column":20}},"10":{"start":{"line":11,"column":0},"end":{"line":11,"column":15}},"12":{"start":{"line":13,"column":0},"end":{"line":13,"column":23}},"13":{"start":{"line":14,"column":0},"end":{"line":14,"column":4}},"15":{"start":{"line":16,"column":0},"end":{"line":16,"column":21}},"17":{"start":{"line":18,"column":0},"end":{"line":18,"column":13}},"18":{"start":{"line":19,"column":0},"end":{"line":19,"column":42}},"19":{"start":{"line":20,"column":0},"end":{"line":20,"column":4}},"21":{"start":{"line":22,"column":0},"end":{"line":22,"column":26}},"22":{"start":{"line":23,"column":0},"end":{"line":23,"column":31}},"24":{"start":{"line":25,"column":0},"end":{"line":25,"column":19}},"28":{"start":{"line":29,"column":0},"end":{"line":29,"column":31}},"29":{"start":{"line":30,"column":0},"end":{"line":30,"column":9}},"30":{"start":{"line":31,"column":0},"end":{"line":31,"column":18}},"31":{"start":{"line":32,"column":0},"end":{"line":32,"column":20}},"32":{"start":{"line":33,"column":0},"end":{"line":33,"column":4}},"33":{"start":{"line":34,"column":0},"end":{"line":34,"column":1}},"35":{"start":{"line":36,"column":0},"end":{"line":36,"column":33}},"36":{"start":{"line":37,"column":0},"end":{"line":37,"column":9}},"37":{"start":{"line":38,"column":0},"end":{"line":38,"column":20}},"38":{"start":{"line":39,"column":0},"end":{"line":39,"column":4}},"39":{"start":{"line":40,"column":0},"end":{"line":40,"column":1}},"41":{"start":{"line":42,"column":0},"end":{"line":42,"column":29}},"42":{"start":{"line":43,"column":0},"end":{"line":43,"column":9}},"43":{"start":{"line":44,"column":0},"end":{"line":44,"column":18}},"44":{"start":{"line":45,"column":0},"end":{"line":45,"column":20}},"45":{"start":{"line":46,"column":0},"end":{"line":46,"column":4}},"46":{"start":{"line":47,"column":0},"end":{"line":47,"column":1}},"48":{"start":{"line":49,"column":0},"end":{"line":49,"column":29}},"49":{"start":{"line":50,"column":0},"end":{"line":50,"column":9}},"50":{"start":{"line":51,"column":0},"end":{"line":51,"column":18}},"51":{"start":{"line":52,"column":0},"end":{"line":52,"column":20}},"52":{"start":{"line":53,"column":0},"end":{"line":53,"column":4}},"53":{"start":{"line":54,"column":0},"end":{"line":54,"column":1}}},"s":{"2":0,"4":0,"7":0,"8":0,"9":0,"10":0,"12":0,"13":0,"15":0,"17":0,"18":0,"19":0,"21":0,"22":0,"24":0,"28":0,"29":0,"30":0,"31":0,"32":0,"33":0,"35":0,"36":0,"37":0,"38":0,"39":0,"41":0,"42":0,"43":0,"44":0,"45":0,"46":0,"48":0,"49":0,"50":0,"51":0,"52":0,"53":0},"branchMap":{"0":{"type":"branch","line":1,"loc":{"start":{"line":1,"column":1440},"end":{"line":54,"column":1}},"locations":[{"start":{"line":1,"column":1440},"end":{"line":54,"column":1}}]}},"b":{"0":[1]},"fnMap":{"0":{"name":"(empty-report)","decl":{"start":{"line":1,"column":1440},"end":{"line":54,"column":1}},"loc":{"start":{"line":1,"column":1440},"end":{"line":54,"column":1}},"line":1}},"f":{"0":1}}
,"/Users/macbookair/expense-tracker-frontend/src/stories/Button.tsx": {"path":"/Users/macbookair/expense-tracker-frontend/src/stories/Button.tsx","all":true,"statementMap":{"0":{"start":{"line":1,"column":0},"end":{"line":1,"column":21}},"16":{"start":{"line":17,"column":0},"end":{"line":17,"column":24}},"17":{"start":{"line":18,"column":0},"end":{"line":18,"column":18}},"18":{"start":{"line":19,"column":0},"end":{"line":19,"column":18}},"19":{"start":{"line":20,"column":0},"end":{"line":20,"column":18}},"20":{"start":{"line":21,"column":0},"end":{"line":21,"column":8}},"21":{"start":{"line":22,"column":0},"end":{"line":22,"column":10}},"22":{"start":{"line":23,"column":0},"end":{"line":23,"column":20}},"23":{"start":{"line":24,"column":0},"end":{"line":24,"column":22}},"24":{"start":{"line":25,"column":0},"end":{"line":25,"column":33}},"25":{"start":{"line":26,"column":0},"end":{"line":26,"column":35}},"26":{"start":{"line":27,"column":0},"end":{"line":27,"column":10}},"27":{"start":{"line":28,"column":0},"end":{"line":28,"column":11}},"28":{"start":{"line":29,"column":0},"end":{"line":29,"column":19}},"29":{"start":{"line":30,"column":0},"end":{"line":30,"column":78}},"30":{"start":{"line":31,"column":0},"end":{"line":31,"column":11}},"31":{"start":{"line":32,"column":0},"end":{"line":32,"column":8}},"32":{"start":{"line":33,"column":0},"end":{"line":33,"column":33}},"33":{"start":{"line":34,"column":0},"end":{"line":34,"column":16}},"35":{"start":{"line":36,"column":0},"end":{"line":36,"column":13}},"36":{"start":{"line":37,"column":0},"end":{"line":37,"column":13}},"38":{"start":{"line":39,"column":0},"end":{"line":39,"column":1}}},"s":{"0":0,"16":0,"17":0,"18":0,"19":0,"20":0,"21":0,"22":0,"23":0,"24":0,"25":0,"26":0,"27":0,"28":0,"29":0,"30":0,"31":0,"32":0,"33":0,"35":0,"36":0,"38":0},"branchMap":{"0":{"type":"branch","line":1,"loc":{"start":{"line":1,"column":874},"end":{"line":39,"column":1}},"locations":[{"start":{"line":1,"column":874},"end":{"line":39,"column":1}}]}},"b":{"0":[0]},"fnMap":{"0":{"name":"(empty-report)","decl":{"start":{"line":1,"column":874},"end":{"line":39,"column":1}},"loc":{"start":{"line":1,"column":874},"end":{"line":39,"column":1}},"line":1}},"f":{"0":0}}
,"/Users/macbookair/expense-tracker-frontend/src/stories/Header.stories.ts": {"path":"/Users/macbookair/expense-tracker-frontend/src/stories/Header.stories.ts","all":true,"statementMap":{"2":{"start":{"line":3,"column":0},"end":{"line":3,"column":35}},"4":{"start":{"line":5,"column":0},"end":{"line":5,"column":33}},"6":{"start":{"line":7,"column":0},"end":{"line":7,"column":14}},"7":{"start":{"line":8,"column":0},"end":{"line":8,"column":26}},"8":{"start":{"line":9,"column":0},"end":{"line":9,"column":20}},"10":{"start":{"line":11,"column":0},"end":{"line":11,"column":21}},"11":{"start":{"line":12,"column":0},"end":{"line":12,"column":15}},"13":{"start":{"line":14,"column":0},"end":{"line":14,"column":25}},"14":{"start":{"line":15,"column":0},"end":{"line":15,"column":4}},"15":{"start":{"line":16,"column":0},"end":{"line":16,"column":9}},"16":{"start":{"line":17,"column":0},"end":{"line":17,"column":18}},"17":{"start":{"line":18,"column":0},"end":{"line":18,"column":19}},"18":{"start":{"line":19,"column":0},"end":{"line":19,"column":26}},"19":{"start":{"line":20,"column":0},"end":{"line":20,"column":4}},"20":{"start":{"line":21,"column":0},"end":{"line":21,"column":31}},"22":{"start":{"line":23,"column":0},"end":{"line":23,"column":19}},"25":{"start":{"line":26,"column":0},"end":{"line":26,"column":32}},"26":{"start":{"line":27,"column":0},"end":{"line":27,"column":9}},"27":{"start":{"line":28,"column":0},"end":{"line":28,"column":11}},"28":{"start":{"line":29,"column":0},"end":{"line":29,"column":23}},"29":{"start":{"line":30,"column":0},"end":{"line":30,"column":6}},"30":{"start":{"line":31,"column":0},"end":{"line":31,"column":4}},"31":{"start":{"line":32,"column":0},"end":{"line":32,"column":1}},"33":{"start":{"line":34,"column":0},"end":{"line":34,"column":34}}},"s":{"2":0,"4":0,"6":0,"7":0,"8":0,"10":0,"11":0,"13":0,"14":0,"15":0,"16":0,"17":0,"18":0,"19":0,"20":0,"22":0,"25":0,"26":0,"27":0,"28":0,"29":0,"30":0,"31":0,"33":0},"branchMap":{"0":{"type":"branch","line":1,"loc":{"start":{"line":1,"column":784},"end":{"line":34,"column":34}},"locations":[{"start":{"line":1,"column":784},"end":{"line":34,"column":34}}]}},"b":{"0":[1]},"fnMap":{"0":{"name":"(empty-report)","decl":{"start":{"line":1,"column":784},"end":{"line":34,"column":34}},"loc":{"start":{"line":1,"column":784},"end":{"line":34,"column":34}},"line":1}},"f":{"0":1}}
,"/Users/macbookair/expense-tracker-frontend/src/stories/Header.tsx": {"path":"/Users/macbookair/expense-tracker-frontend/src/stories/Header.tsx","all":true,"statementMap":{"0":{"start":{"line":1,"column":0},"end":{"line":1,"column":33}},"1":{"start":{"line":2,"column":0},"end":{"line":2,"column":21}},"14":{"start":{"line":15,"column":0},"end":{"line":15,"column":24}},"15":{"start":{"line":16,"column":0},"end":{"line":16,"column":7}},"16":{"start":{"line":17,"column":0},"end":{"line":17,"column":10}},"17":{"start":{"line":18,"column":0},"end":{"line":18,"column":11}},"18":{"start":{"line":19,"column":0},"end":{"line":19,"column":18}},"19":{"start":{"line":20,"column":0},"end":{"line":20,"column":20}},"20":{"start":{"line":21,"column":0},"end":{"line":21,"column":10}},"21":{"start":{"line":22,"column":0},"end":{"line":22,"column":38}},"22":{"start":{"line":23,"column":0},"end":{"line":23,"column":11}},"23":{"start":{"line":24,"column":0},"end":{"line":24,"column":12}},"24":{"start":{"line":25,"column":0},"end":{"line":25,"column":20}},"25":{"start":{"line":26,"column":0},"end":{"line":26,"column":21}},"26":{"start":{"line":27,"column":0},"end":{"line":27,"column":29}},"27":{"start":{"line":28,"column":0},"end":{"line":28,"column":44}},"29":{"start":{"line":30,"column":0},"end":{"line":30,"column":44}},"30":{"start":{"line":31,"column":0},"end":{"line":31,"column":17}},"31":{"start":{"line":32,"column":0},"end":{"line":32,"column":99}},"32":{"start":{"line":33,"column":0},"end":{"line":33,"column":25}},"33":{"start":{"line":34,"column":0},"end":{"line":34,"column":14}},"34":{"start":{"line":35,"column":0},"end":{"line":35,"column":17}},"35":{"start":{"line":36,"column":0},"end":{"line":36,"column":82}},"36":{"start":{"line":37,"column":0},"end":{"line":37,"column":28}},"37":{"start":{"line":38,"column":0},"end":{"line":38,"column":14}},"38":{"start":{"line":39,"column":0},"end":{"line":39,"column":17}},"39":{"start":{"line":40,"column":0},"end":{"line":40,"column":80}},"40":{"start":{"line":41,"column":0},"end":{"line":41,"column":28}},"41":{"start":{"line":42,"column":0},"end":{"line":42,"column":14}},"42":{"start":{"line":43,"column":0},"end":{"line":43,"column":14}},"43":{"start":{"line":44,"column":0},"end":{"line":44,"column":14}},"44":{"start":{"line":45,"column":0},"end":{"line":45,"column":21}},"45":{"start":{"line":46,"column":0},"end":{"line":46,"column":12}},"46":{"start":{"line":47,"column":0},"end":{"line":47,"column":11}},"47":{"start":{"line":48,"column":0},"end":{"line":48,"column":17}},"48":{"start":{"line":49,"column":0},"end":{"line":49,"column":12}},"49":{"start":{"line":50,"column":0},"end":{"line":50,"column":38}},"50":{"start":{"line":51,"column":0},"end":{"line":51,"column":42}},"51":{"start":{"line":52,"column":0},"end":{"line":52,"column":19}},"52":{"start":{"line":53,"column":0},"end":{"line":53,"column":70}},"53":{"start":{"line":54,"column":0},"end":{"line":54,"column":13}},"55":{"start":{"line":56,"column":0},"end":{"line":56,"column":12}},"56":{"start":{"line":57,"column":0},"end":{"line":57,"column":68}},"57":{"start":{"line":58,"column":0},"end":{"line":58,"column":19}},"58":{"start":{"line":59,"column":0},"end":{"line":59,"column":21}},"59":{"start":{"line":60,"column":0},"end":{"line":60,"column":26}},"60":{"start":{"line":61,"column":0},"end":{"line":61,"column":39}},"61":{"start":{"line":62,"column":0},"end":{"line":62,"column":29}},"62":{"start":{"line":63,"column":0},"end":{"line":63,"column":14}},"63":{"start":{"line":64,"column":0},"end":{"line":64,"column":13}},"65":{"start":{"line":66,"column":0},"end":{"line":66,"column":12}},"66":{"start":{"line":67,"column":0},"end":{"line":67,"column":10}},"67":{"start":{"line":68,"column":0},"end":{"line":68,"column":11}}},"s":{"0":0,"1":0,"14":0,"15":0,"16":0,"17":0,"18":0,"19":0,"20":0,"21":0,"22":0,"23":0,"24":0,"25":0,"26":0,"27":0,"29":0,"30":0,"31":0,"32":0,"33":0,"34":0,"35":0,"36":0,"37":0,"38":0,"39":0,"40":0,"41":0,"42":0,"43":0,"44":0,"45":0,"46":0,"47":0,"48":0,"49":0,"50":0,"51":0,"52":0,"53":0,"55":0,"56":0,"57":0,"58":0,"59":0,"60":0,"61":0,"62":0,"63":0,"65":0,"66":0,"67":0},"branchMap":{"0":{"type":"branch","line":1,"loc":{"start":{"line":1,"column":1613},"end":{"line":69,"column":1}},"locations":[{"start":{"line":1,"column":1613},"end":{"line":69,"column":1}}]}},"b":{"0":[0]},"fnMap":{"0":{"name":"(empty-report)","decl":{"start":{"line":1,"column":1613},"end":{"line":69,"column":1}},"loc":{"start":{"line":1,"column":1613},"end":{"line":69,"column":1}},"line":1}},"f":{"0":0}}
,"/Users/macbookair/expense-tracker-frontend/src/stories/Page.stories.ts": {"path":"/Users/macbookair/expense-tracker-frontend/src/stories/Page.stories.ts","all":true,"statementMap":{"2":{"start":{"line":3,"column":0},"end":{"line":3,"column":58}},"4":{"start":{"line":5,"column":0},"end":{"line":5,"column":29}},"6":{"start":{"line":7,"column":0},"end":{"line":7,"column":14}},"7":{"start":{"line":8,"column":0},"end":{"line":8,"column":24}},"8":{"start":{"line":9,"column":0},"end":{"line":9,"column":18}},"9":{"start":{"line":10,"column":0},"end":{"line":10,"column":15}},"11":{"start":{"line":12,"column":0},"end":{"line":12,"column":25}},"12":{"start":{"line":13,"column":0},"end":{"line":13,"column":4}},"13":{"start":{"line":14,"column":0},"end":{"line":14,"column":29}},"15":{"start":{"line":16,"column":0},"end":{"line":16,"column":19}},"18":{"start":{"line":19,"column":0},"end":{"line":19,"column":34}},"21":{"start":{"line":22,"column":0},"end":{"line":22,"column":32}},"22":{"start":{"line":23,"column":0},"end":{"line":23,"column":38}},"23":{"start":{"line":24,"column":0},"end":{"line":24,"column":40}},"24":{"start":{"line":25,"column":0},"end":{"line":25,"column":71}},"25":{"start":{"line":26,"column":0},"end":{"line":26,"column":49}},"26":{"start":{"line":27,"column":0},"end":{"line":27,"column":38}},"27":{"start":{"line":28,"column":0},"end":{"line":28,"column":53}},"29":{"start":{"line":30,"column":0},"end":{"line":30,"column":73}},"30":{"start":{"line":31,"column":0},"end":{"line":31,"column":50}},"31":{"start":{"line":32,"column":0},"end":{"line":32,"column":4}},"32":{"start":{"line":33,"column":0},"end":{"line":33,"column":1}}},"s":{"2":0,"4":0,"6":0,"7":0,"8":0,"9":0,"11":0,"12":0,"13":0,"15":0,"18":0,"21":0,"22":0,"23":0,"24":0,"25":0,"26":0,"27":0,"29":0,"30":0,"31":0,"32":0},"branchMap":{"0":{"type":"branch","line":1,"loc":{"start":{"line":1,"column":1031},"end":{"line":33,"column":1}},"locations":[{"start":{"line":1,"column":1031},"end":{"line":33,"column":1}}]}},"b":{"0":[1]},"fnMap":{"0":{"name":"(empty-report)","decl":{"start":{"line":1,"column":1031},"end":{"line":33,"column":1}},"loc":{"start":{"line":1,"column":1031},"end":{"line":33,"column":1}},"line":1}},"f":{"0":1}}
,"/Users/macbookair/expense-tracker-frontend/src/stories/Page.tsx": {"path":"/Users/macbookair/expense-tracker-frontend/src/stories/Page.tsx","all":true,"statementMap":{"0":{"start":{"line":1,"column":0},"end":{"line":1,"column":25}},"2":{"start":{"line":3,"column":0},"end":{"line":3,"column":33}},"3":{"start":{"line":4,"column":0},"end":{"line":4,"column":19}},"9":{"start":{"line":10,"column":0},"end":{"line":10,"column":37}},"10":{"start":{"line":11,"column":0},"end":{"line":11,"column":48}},"12":{"start":{"line":13,"column":0},"end":{"line":13,"column":10}},"13":{"start":{"line":14,"column":0},"end":{"line":14,"column":13}},"14":{"start":{"line":15,"column":0},"end":{"line":15,"column":13}},"15":{"start":{"line":16,"column":0},"end":{"line":16,"column":19}},"16":{"start":{"line":17,"column":0},"end":{"line":17,"column":53}},"17":{"start":{"line":18,"column":0},"end":{"line":18,"column":43}},"18":{"start":{"line":19,"column":0},"end":{"line":19,"column":61}},"19":{"start":{"line":20,"column":0},"end":{"line":20,"column":8}},"21":{"start":{"line":22,"column":0},"end":{"line":22,"column":42}},"22":{"start":{"line":23,"column":0},"end":{"line":23,"column":35}},"23":{"start":{"line":24,"column":0},"end":{"line":24,"column":11}},"24":{"start":{"line":25,"column":0},"end":{"line":25,"column":47}},"25":{"start":{"line":26,"column":0},"end":{"line":26,"column":12}},"26":{"start":{"line":27,"column":0},"end":{"line":27,"column":46}},"27":{"start":{"line":28,"column":0},"end":{"line":28,"column":27}},"28":{"start":{"line":29,"column":0},"end":{"line":29,"column":37}},"30":{"start":{"line":31,"column":0},"end":{"line":31,"column":45}},"31":{"start":{"line":32,"column":0},"end":{"line":32,"column":19}},"33":{"start":{"line":34,"column":0},"end":{"line":34,"column":12}},"34":{"start":{"line":35,"column":0},"end":{"line":35,"column":11}},"38":{"start":{"line":39,"column":0},"end":{"line":39,"column":12}},"39":{"start":{"line":40,"column":0},"end":{"line":40,"column":12}},"40":{"start":{"line":41,"column":0},"end":{"line":41,"column":14}},"43":{"start":{"line":44,"column":0},"end":{"line":44,"column":15}},"44":{"start":{"line":45,"column":0},"end":{"line":45,"column":14}},"47":{"start":{"line":48,"column":0},"end":{"line":48,"column":15}},"48":{"start":{"line":49,"column":0},"end":{"line":49,"column":13}},"49":{"start":{"line":50,"column":0},"end":{"line":50,"column":11}},"50":{"start":{"line":51,"column":0},"end":{"line":51,"column":71}},"51":{"start":{"line":52,"column":0},"end":{"line":52,"column":12}},"52":{"start":{"line":53,"column":0},"end":{"line":53,"column":54}},"53":{"start":{"line":54,"column":0},"end":{"line":54,"column":27}},"54":{"start":{"line":55,"column":0},"end":{"line":55,"column":37}},"55":{"start":{"line":56,"column":0},"end":{"line":56,"column":11}},"57":{"start":{"line":58,"column":0},"end":{"line":58,"column":14}},"58":{"start":{"line":59,"column":0},"end":{"line":59,"column":33}},"59":{"start":{"line":60,"column":0},"end":{"line":60,"column":12}},"60":{"start":{"line":61,"column":0},"end":{"line":61,"column":48}},"61":{"start":{"line":62,"column":0},"end":{"line":62,"column":27}},"62":{"start":{"line":63,"column":0},"end":{"line":63,"column":37}},"63":{"start":{"line":64,"column":0},"end":{"line":64,"column":11}},"65":{"start":{"line":66,"column":0},"end":{"line":66,"column":14}},"67":{"start":{"line":68,"column":0},"end":{"line":68,"column":12}},"68":{"start":{"line":69,"column":0},"end":{"line":69,"column":37}},"69":{"start":{"line":70,"column":0},"end":{"line":70,"column":78}},"70":{"start":{"line":71,"column":0},"end":{"line":71,"column":18}},"71":{"start":{"line":72,"column":0},"end":{"line":72,"column":14}},"72":{"start":{"line":73,"column":0},"end":{"line":73,"column":22}},"73":{"start":{"line":74,"column":0},"end":{"line":74,"column":23}},"74":{"start":{"line":75,"column":0},"end":{"line":75,"column":31}},"75":{"start":{"line":76,"column":0},"end":{"line":76,"column":46}},"77":{"start":{"line":78,"column":0},"end":{"line":78,"column":46}},"78":{"start":{"line":79,"column":0},"end":{"line":79,"column":19}},"79":{"start":{"line":80,"column":0},"end":{"line":80,"column":248}},"80":{"start":{"line":81,"column":0},"end":{"line":81,"column":22}},"81":{"start":{"line":82,"column":0},"end":{"line":82,"column":27}},"82":{"start":{"line":83,"column":0},"end":{"line":83,"column":16}},"83":{"start":{"line":84,"column":0},"end":{"line":84,"column":16}},"84":{"start":{"line":85,"column":0},"end":{"line":85,"column":16}},"86":{"start":{"line":87,"column":0},"end":{"line":87,"column":14}},"87":{"start":{"line":88,"column":0},"end":{"line":88,"column":16}},"88":{"start":{"line":89,"column":0},"end":{"line":89,"column":14}},"90":{"start":{"line":91,"column":0},"end":{"line":91,"column":1}}},"s":{"0":0,"2":0,"3":0,"9":0,"10":0,"12":0,"13":0,"14":0,"15":0,"16":0,"17":0,"18":0,"19":0,"21":0,"22":0,"23":0,"24":0,"25":0,"26":0,"27":0,"28":0,"30":0,"31":0,"33":0,"34":0,"38":0,"39":0,"40":0,"43":0,"44":0,"47":0,"48":0,"49":0,"50":0,"51":0,"52":0,"53":0,"54":0,"55":0,"57":0,"58":0,"59":0,"60":0,"61":0,"62":0,"63":0,"65":0,"67":0,"68":0,"69":0,"70":0,"71":0,"72":0,"73":0,"74":0,"75":0,"77":0,"78":0,"79":0,"80":0,"81":0,"82":0,"83":0,"84":0,"86":0,"87":0,"88":0,"90":0},"branchMap":{"0":{"type":"branch","line":1,"loc":{"start":{"line":1,"column":2791},"end":{"line":91,"column":1}},"locations":[{"start":{"line":1,"column":2791},"end":{"line":91,"column":1}}]}},"b":{"0":[0]},"fnMap":{"0":{"name":"(empty-report)","decl":{"start":{"line":1,"column":2791},"end":{"line":91,"column":1}},"loc":{"start":{"line":1,"column":2791},"end":{"line":91,"column":1}},"line":1}},"f":{"0":0}}
}
